app/build/outputs/mapping/debug/seeds.txt
com.abc.evpnfree.activity.StepActivity: StepActivity()
com.abc.evpnfree.activity.SplashActivity: SplashActivity()
com.abc.evpnfree.activity.SettingsActivity: SettingsActivity()
com.abc.evpnfree.activity.SettingsActivity
com.abc.evpnfree.activity.FragmentWrapperActivity: FragmentWrapperActivity()
com.abc.evpnfree.App: App()
com.abc.evpnfree.util.NumberPickerPreference
com.abc.evpnfree.activity.WelcomeActivity: WelcomeActivity()
com.abc.evpnfree.service.BoostAlarm: BoostAlarm()
com.abc.evpnfree.activity.FragmentWrapperActivity
com.abc.evpnfree.activity.MainActivity: void homeOnClick(android.view.View)
com.abc.evpnfree.activity.VPNListActivity
com.abc.evpnfree.activity.VPNInfoActivity
com.abc.evpnfree.activity.VPNListActivity: VPNListActivity()
com.abc.evpnfree.CustomTxTRegular
com.abc.evpnfree.CustomTxTRegular: CustomTxTRegular(android.content.Context)
com.abc.evpnfree.activity.WelcomeActivity
com.abc.evpnfree.activity.VPNInfoActivity: void serverOnClick(android.view.View)
com.abc.evpnfree.Fragments.PhoneBooster_Fragment
com.abc.evpnfree.AppController
com.abc.evpnfree.activity.SplashActivity
com.abc.evpnfree.activity.MainActivity
com.abc.evpnfree.model.Server: android.os.Parcelable$Creator CREATOR
com.abc.evpnfree.Fragments.PhoneBooster_Fragment: PhoneBooster_Fragment()
com.abc.evpnfree.CustomTxTRegular: CustomTxTRegular(android.content.Context,android.util.AttributeSet,int)
com.abc.evpnfree.activity.TOSActivity: TOSActivity()
com.abc.evpnfree.activity.VPNInfoActivity: VPNInfoActivity()
com.abc.evpnfree.CustomTxtSemibold: CustomTxtSemibold(android.content.Context,android.util.AttributeSet)
com.abc.evpnfree.util.NumberPickerPreference: NumberPickerPreference(android.content.Context,android.util.AttributeSet,int)
com.abc.evpnfree.util.NumberPickerPreference: NumberPickerPreference(android.content.Context,android.util.AttributeSet)
com.abc.evpnfree.activity.SpeedTestActivity
com.abc.evpnfree.activity.TOSActivity
com.abc.evpnfree.activity.StepActivity
com.abc.evpnfree.CustomTxtSemibold: CustomTxtSemibold(android.content.Context)
com.abc.evpnfree.CustomTxtSemibold: CustomTxtSemibold(android.content.Context,android.util.AttributeSet,int)
com.abc.evpnfree.service.BoostAlarm
com.abc.evpnfree.activity.BaseActivity
com.abc.evpnfree.AppController: AppController()
com.abc.evpnfree.activity.BaseActivity: BaseActivity()
com.abc.evpnfree.activity.SpeedTestActivity: SpeedTestActivity()
com.abc.evpnfree.CustomTxTRegular: CustomTxTRegular(android.content.Context,android.util.AttributeSet)
com.abc.evpnfree.CustomTxtSemibold
com.abc.evpnfree.activity.MainActivity: MainActivity()
...
com.google.android.material.R$styleable: int TabItem_android_icon
com.google.android.material.R$styleable: int[] CardView
androidx.recyclerview.R$attr: int fastScrollVerticalThumbDrawable
com.google.android.material.R$style: int Base_Widget_AppCompat_ButtonBar_AlertDialog
com.hookedonplay.decoviewlib.R$styleable: int AppCompatTheme_spinnerStyle
me.zhanghai.android.materialprogressbar.R$style: int Base_Widget_AppCompat_ProgressBar_Horizontal
com.afollestad.materialdialogs.R$styleable: int AppCompatTheme_checkboxStyle
me.zhanghai.android.materialprogressbar.R$dimen: int abc_text_size_small_material
com.google.android.material.R$style: int Base_V21_Theme_AppCompat
androidx.appcompat.R$attr: int textAppearanceLargePopupMenu
com.afollestad.materialdialogs.R$dimen: int abc_text_size_headline_material
com.google.android.material.R$attr: int windowActionModeOverlay
androidx.recyclerview.R$styleable: int RecyclerView_fastScrollVerticalTrackDrawable
com.google.android.material.R$string: int mtrl_picker_save
androidx.constraintlayout.widget.R$styleable: int Toolbar_menu
com.afollestad.materialdialogs.R$color: int button_material_dark
androidx.constraintlayout.widget.R$id: int accessibility_custom_action_17
com.google.android.material.R$attr: int paddingBottomNoButtons
me.zhanghai.android.materialprogressbar.BaseSingleHorizontalProgressDrawable: int mProgressIntrinsicHeight
com.google.android.material.R$style: int ThemeOverlay_MaterialComponents_MaterialAlertDialog_Picker_Date_Calendar
com.hookedonplay.decoviewlib.R$styleable: int ActionBar_hideOnContentScroll
androidx.core.R$attr: int shortcutMatchRequired
androidx.appcompat.R$style: int Base_Widget_AppCompat_ActionBar_TabBar
com.google.android.material.floatingactionbutton.FloatingActionButton: android.graphics.PorterDuff$Mode getBackgroundTintMode()
com.google.android.material.R$style: int Widget_AppCompat_SearchView
androidx.appcompat.R$attr: int alertDialogStyle
com.google.android.material.R$styleable: int Toolbar_collapseIcon
me.zhanghai.android.materialprogressbar.R$styleable: int ActionBar_title
androidx.appcompat.widget.AppCompatRadioButton: void setBackgroundResource(int)
com.google.android.material.R$drawable: int notification_action_background
androidx.appcompat.widget.ActionMenuView: int getPopupTheme()
com.google.android.material.R$attr: int chipIconVisible
com.google.android.material.R$styleable: int ConstraintLayout_Layout_layout_constraintHorizontal_weight
androidx.recyclerview.R$styleable: int GradientColor_android_endY
com.google.android.material.R$styleable: int AnimatedStateListDrawableCompat_android_constantSize
me.zhanghai.android.materialprogressbar.R$dimen: int hint_alpha_material_dark
com.google.android.gms.ads.internal.client.zzw: android.os.Parcelable$Creator CREATOR
me.zhanghai.android.materialprogressbar.R$style: int ThemeOverlay_AppCompat
com.google.android.material.R$style: int Base_Widget_AppCompat_ActionButton_Overflow
com.afollestad.materialdialogs.R$style: int Base_ThemeOverlay_AppCompat_Dark
androidx.constraintlayout.widget.R$id: int linear
com.hookedonplay.decoviewlib.R$styleable: int AppCompatTheme_panelMenuListWidth
com.google.android.material.R$color: int mtrl_fab_bg_color_selector
androidx.appcompat.R$styleable: int ActionBar_indeterminateProgressStyle
com.google.android.material.bottomappbar.BottomAppBar$Behavior: BottomAppBar$Behavior(android.content.Context,android.util.AttributeSet)
me.zhanghai.android.materialprogressbar.R$styleable: int SearchView_layout
com.afollestad.materialdialogs.R$id: int action_bar_subtitle
com.afollestad.materialdialogs.R$dimen: int abc_text_size_medium_material
androidx.appcompat.widget.AppCompatTextView: androidx.core.text.PrecomputedTextCompat$Params getTextMetricsParamsCompat()
com.hookedonplay.decoviewlib.R$styleable: int Toolbar_titleMarginEnd
com.afollestad.materialdialogs.R$style: int TextAppearance_Compat_Notification_Info_Media
com.google.android.material.R$style: int Widget_AppCompat_ActionButton