app/build/outputs/mapping/debug/usage.txt
com.abc.evpnfree.R$anim
com.abc.evpnfree.database.DBHelper:
    public void setBookmark(com.abc.evpnfree.model.Server)
    public void delBookmark(com.abc.evpnfree.model.Server)
    public java.util.List getBookmarks()
    public boolean checkBookmark(com.abc.evpnfree.model.Server)
    public long getCountBasic()
    public long getCountAdditional()
    public java.util.List getServersWithGPS()
    private static final int DATABASE_VERSION
    private static final java.lang.String DATABASE_NAME
    private static final java.lang.String TABLE_SERVERS
    private static final java.lang.String TABLE_BOOKMARK_SERVERS
    private static final java.lang.String TAG
    private static final java.lang.String KEY_ID
    private static final java.lang.String KEY_HOST_NAME
    private static final java.lang.String KEY_IP
    private static final java.lang.String KEY_SCORE
    private static final java.lang.String KEY_PING
    private static final java.lang.String KEY_SPEED
    private static final java.lang.String KEY_COUNTRY_LONG
    private static final java.lang.String KEY_COUNTRY_SHORT
    private static final java.lang.String KEY_NUM_VPN_SESSIONS
    private static final java.lang.String KEY_UPTIME
    private static final java.lang.String KEY_TOTAL_USERS
    private static final java.lang.String KEY_TOTAL_TRAFFIC
    private static final java.lang.String KEY_LOG_TYPE
    private static final java.lang.String KEY_OPERATOR
    private static final java.lang.String KEY_MESSAGE
com.abc.evpnfree.util.encoders.Encoder:
    public abstract int decode(byte[],int,int,java.io.OutputStream)
    public abstract int decode(java.lang.String,java.io.OutputStream)
com.abc.evpnfree.R$xml
com.abc.evpnfree.R$styleable
com.abc.evpnfree.BuildConfig:
    public void <init>()
    public static final java.lang.String APPLICATION_ID
    public static final java.lang.String BUILD_TYPE
    public static final java.lang.String FLAVOR
    public static final int VERSION_CODE
    public static final java.lang.String VERSION_NAME
com.abc.evpnfree.util.NetworkState:
    public void <init>()
com.abc.evpnfree.model.Server:
    public void setHostName(java.lang.String)
    public void setIp(java.lang.String)
    public java.lang.String getScore()
    public void setScore(java.lang.String)
    public void setPing(java.lang.String)
    public void setSpeed(java.lang.String)
    public void setCountryLong(java.lang.String)
    public void setCountryShort(java.lang.String)
    public void setNumVpnSessions(java.lang.String)
    public java.lang.String getUptime()
    public void setUptime(java.lang.String)
    public java.lang.String getTotalUsers()
    public void setTotalUsers(java.lang.String)
    public java.lang.String getTotalTraffic()
    public void setTotalTraffic(java.lang.String)
    public java.lang.String getLogType()
    public void setLogType(java.lang.String)
    public java.lang.String getOperator()
    public void setOperator(java.lang.String)
    public java.lang.String getMessage()
    public void setMessage(java.lang.String)
    public void setConfigData(java.lang.String)
    public void setQuality(int)
    public void setType(int)
    public java.lang.String getRegionName()
    public void setRegionName(java.lang.String)
    public double getLat()
    public void setLat(double)
    public double getLon()
    public void setLon(double)
com.abc.evpnfree.AppController:
    public static synchronized com.abc.evpnfree.AppController getInstance()
    public com.android.volley.RequestQueue getRequestQueue()
    public void addToRequestQueue(com.android.volley.Request,java.lang.String)
    public void addToRequestQueue(com.android.volley.Request)
    public void cancelPendingRequests(java.lang.Object)
    private com.android.volley.RequestQueue mRequestQueue
com.abc.evpnfree.App:
    public static java.lang.String getResourceString(int)
com.abc.evpnfree.R$interpolator
com.abc.evpnfree.R$attr
com.abc.evpnfree.util.io.pem.PemReader
...
com.onesignal.OSInAppMessage:
    public java.lang.String getMessageId()
    public org.json.JSONObject toJSONObject()
    public static final java.lang.String IAM_ID
com.google.android.gms.ads.impl.R
androidx.appcompat.widget.SwitchCompat$InspectionCompanion
com.google.android.gms.internal.ads.zzbwg:
    public final synthetic bridge java.lang.Object onSuccess(java.lang.Object)
    public final void onFailure(java.lang.String)
androidx.browser.browseractions.BrowserActionItem
androidx.loader.content.ModernAsyncTask$WorkerRunnable
com.google.android.gms.internal.ads.zzfyv:
    protected void <init>()
androidx.core.content.FileProvider
com.onesignal.WebViewManager$OSJavaScriptInterface:
    static final java.lang.String JS_OBJ_NAME
    static final java.lang.String GET_PAGE_META_DATA_JS_FUNCTION
    static final java.lang.String SET_SAFE_AREA_INSETS_JS_FUNCTION
    static final java.lang.String SAFE_AREA_JS_OBJECT
    static final java.lang.String SET_SAFE_AREA_INSETS_SCRIPT
    static final java.lang.String EVENT_TYPE_KEY
    static final java.lang.String EVENT_TYPE_RENDERING_COMPLETE
    static final java.lang.String EVENT_TYPE_RESIZE
    static final java.lang.String EVENT_TYPE_ACTION_TAKEN
    static final java.lang.String EVENT_TYPE_PAGE_CHANGE
    static final java.lang.String IAM_DISPLAY_LOCATION_KEY
    static final java.lang.String IAM_PAGE_META_DATA_KEY
    static final java.lang.String IAM_DRAG_TO_DISMISS_DISABLED_KEY
com.google.android.gms.internal.common.zzk
kotlin.ranges.CharProgressionIterator
com.google.android.gms.ads.internal.client.zzaf
com.google.android.material.R$attr:
    private void <init>()
com.google.android.gms.internal.consent_sdk.zzbl
androidx.core.content.ContextCompat:
    protected void <init>()
    public static java.lang.String getAttributionTag(android.content.Context)
    public static boolean startActivities(android.content.Context,android.content.Intent[])
    public static java.io.File getDataDir(android.content.Context)
    public static java.io.File[] getObbDirs(android.content.Context)
    public static java.io.File[] getExternalFilesDirs(android.content.Context,java.lang.String)
    public static java.io.File[] getExternalCacheDirs(android.content.Context)
    public static java.io.File getCodeCacheDir(android.content.Context)
    public static java.util.concurrent.Executor getMainExecutor(android.content.Context)
    public static java.lang.Object getSystemService(android.content.Context,java.lang.Class)
    public static java.lang.String getSystemServiceName(android.content.Context,java.lang.Class)
    private static final java.lang.String TAG